TN:
SF:client/additionalFunctionality.js
FN:13,(anonymous_0)
FN:17,(anonymous_1)
FN:20,(anonymous_2)
FNF:3
FNH:1
FNDA:0,(anonymous_0)
FNDA:0,(anonymous_1)
FNDA:4,(anonymous_2)
DA:8,1
DA:9,1
DA:10,1
DA:11,1
DA:12,1
DA:13,1
DA:14,0
DA:15,0
DA:17,1
DA:18,0
DA:20,1
DA:21,4
DA:22,1
DA:23,3
DA:24,1
DA:25,2
DA:26,1
DA:27,1
DA:28,1
LF:19
LH:16
BRDA:21,0,0,1
BRDA:21,0,1,3
BRDA:23,1,0,1
BRDA:23,1,1,2
BRDA:25,2,0,1
BRDA:25,2,1,1
BRDA:27,3,0,1
BRDA:27,3,1,0
BRF:8
BRH:7
end_of_record
TN:
SF:client/calculateNewPosition.js
FN:1,calculateNewPosition
FNF:1
FNH:1
FNDA:4,calculateNewPosition
DA:2,4
DA:3,1
DA:5,3
DA:6,1
DA:8,2
DA:9,1
DA:11,1
DA:12,1
DA:14,4
LF:9
LH:9
BRDA:2,0,0,1
BRDA:2,0,1,3
BRDA:2,1,0,4
BRDA:2,1,1,1
BRDA:5,2,0,1
BRDA:5,2,1,2
BRDA:5,3,0,3
BRDA:5,3,1,1
BRDA:8,4,0,1
BRDA:8,4,1,1
BRDA:8,5,0,2
BRDA:8,5,1,1
BRDA:11,6,0,1
BRDA:11,6,1,0
BRDA:11,7,0,1
BRDA:11,7,1,1
BRF:16
BRH:15
end_of_record
TN:
SF:client/checkLoss.js
FN:6,checkLoss
FNF:1
FNH:1
FNDA:2,checkLoss
DA:7,2
DA:9,1
DA:10,1
DA:11,1
DA:12,1
DA:13,1
DA:14,1
DA:15,1
DA:16,1
DA:17,1
DA:18,1
DA:20,1
LF:12
LH:12
BRDA:7,0,0,1
BRDA:7,0,1,1
BRF:2
BRH:2
end_of_record
TN:
SF:client/checkWin.js
FN:5,checkWin
FNF:1
FNH:1
FNDA:2,checkWin
DA:6,2
DA:7,2
DA:9,1
DA:10,1
DA:11,1
DA:12,1
DA:13,1
DA:14,1
DA:15,1
DA:16,1
DA:17,1
DA:19,1
LF:12
LH:12
BRDA:7,0,0,1
BRDA:7,0,1,1
BRDA:7,1,0,2
BRDA:7,1,1,1
BRF:4
BRH:4
end_of_record
TN:
SF:client/chooseGridSize.js
FN:2,chooseGridSize
FNF:1
FNH:1
FNDA:3,chooseGridSize
DA:3,3
DA:4,3
DA:5,3
DA:6,2
DA:7,2
DA:8,2
DA:9,2
DA:10,2
DA:11,2
LF:9
LH:9
BRDA:5,0,0,2
BRDA:5,0,1,1
BRF:2
BRH:2
end_of_record
TN:
SF:client/chooseNumberOfMine.js
FN:2,chooseNumberOfMine
FNF:1
FNH:1
FNDA:2,chooseNumberOfMine
DA:3,2
DA:4,2
DA:5,2
DA:6,2
DA:7,2
DA:8,18
DA:9,18
DA:10,18
DA:11,18
DA:13,2
DA:14,2
DA:15,2
DA:16,2
DA:17,2
LF:14
LH:14
BRF:0
BRH:0
end_of_record
TN:
SF:client/createGrid.js
FN:5,createGrid
FN:10,(anonymous_1)
FN:14,(anonymous_2)
FN:15,(anonymous_3)
FN:20,(anonymous_4)
FNF:5
FNH:5
FNDA:4,createGrid
FNDA:12,(anonymous_1)
FNDA:12,(anonymous_2)
FNDA:36,(anonymous_3)
FNDA:1,(anonymous_4)
DA:6,4
DA:7,4
DA:8,4
DA:9,4
DA:10,12
DA:11,4
DA:12,4
DA:13,4
DA:14,4
DA:15,12
DA:16,36
DA:17,36
DA:18,36
DA:19,36
DA:20,36
DA:21,36
DA:24,4
LF:17
LH:17
BRF:0
BRH:0
end_of_record
TN:
SF:client/gameState.js
FN:5,resetGameState
FN:11,setPlayerPos
FN:19,getPlayerPos
FN:23,setGameOver
FN:27,isGameOver
FN:31,setGrid
FN:35,getGrid
FNF:7
FNH:7
FNDA:6,resetGameState
FNDA:2,setPlayerPos
FNDA:3,getPlayerPos
FNDA:4,setGameOver
FNDA:4,isGameOver
FNDA:3,setGrid
FNDA:3,getGrid
DA:1,11
DA:2,11
DA:3,11
DA:6,6
DA:7,6
DA:8,6
DA:12,2
DA:13,2
DA:14,2
DA:15,2
DA:16,2
DA:20,3
DA:24,4
DA:28,4
DA:32,3
DA:36,3
LF:16
LH:16
BRF:0
BRH:0
end_of_record
TN:
SF:client/generateDirection.js
FN:1,generateDirection
FNF:1
FNH:1
FNDA:8,generateDirection
DA:2,8
DA:3,6
DA:4,5
LF:3
LH:3
BRDA:2,0,0,2
BRDA:2,0,1,6
BRDA:3,1,0,1
BRDA:3,1,1,5
BRF:4
BRH:4
end_of_record
TN:
SF:client/generateGrid.js
FN:2,generateGrid
FNF:1
FNH:1
FNDA:4,generateGrid
DA:3,4
DA:4,4
DA:5,4
DA:6,4
DA:7,4
DA:8,4
DA:9,36
DA:10,36
DA:11,36
LF:9
LH:9
BRF:0
BRH:0
end_of_record
TN:
SF:client/generateRandomPath.js
FN:3,generateRandomPath
FNF:1
FNH:1
FNDA:2,generateRandomPath
DA:4,2
DA:5,2
DA:6,2
DA:7,2
DA:8,8
DA:9,4
DA:12,4
DA:14,8
DA:16,2
LF:9
LH:9
BRDA:7,0,0,10
BRDA:7,0,1,4
BRDA:8,1,0,4
BRDA:8,1,1,4
BRF:4
BRH:4
end_of_record
TN:
SF:client/handleCellClick.js
FN:5,handleCellClick
FNF:1
FNH:1
FNDA:6,handleCellClick
DA:6,6
DA:7,6
DA:8,5
DA:9,5
DA:10,5
DA:11,5
DA:12,4
DA:13,1
DA:15,3
DA:16,1
DA:18,2
DA:19,1
DA:21,1
DA:22,1
LF:14
LH:14
BRDA:7,0,0,1
BRDA:7,0,1,5
BRDA:11,1,0,4
BRDA:11,1,1,1
BRDA:12,2,0,1
BRDA:12,2,1,3
BRDA:15,3,0,1
BRDA:15,3,1,2
BRDA:18,4,0,1
BRDA:18,4,1,1
BRDA:21,5,0,1
BRDA:21,5,1,0
BRF:12
BRH:11
end_of_record
TN:
SF:client/movePlayer.js
FN:8,movePlayer
FNF:1
FNH:1
FNDA:5,movePlayer
DA:9,5
DA:10,5
DA:11,5
DA:12,5
DA:13,5
DA:14,4
DA:15,4
DA:16,4
DA:17,4
DA:18,0
DA:20,4
DA:21,0
DA:22,0
DA:24,4
DA:25,4
DA:26,4
LF:16
LH:13
BRDA:13,0,0,1
BRDA:13,0,1,4
BRDA:17,1,0,0
BRDA:17,1,1,4
BRDA:20,2,0,0
BRDA:20,2,1,4
BRF:6
BRH:4
end_of_record
TN:
SF:client/postScore.js
FN:2,postScore
FN:20,(anonymous_1)
FN:21,(anonymous_2)
FNF:3
FNH:3
FNDA:2,postScore
FNDA:2,(anonymous_1)
FNDA:2,(anonymous_2)
DA:3,2
DA:4,2
DA:5,2
DA:6,2
DA:7,2
DA:8,2
DA:20,2
DA:22,2
LF:8
LH:8
BRF:0
BRH:0
end_of_record
TN:
SF:client/randomMinePlacement.js
FN:4,placeMines
FN:8,(anonymous_1)
FNF:2
FNH:2
FNDA:2,placeMines
FNDA:10,(anonymous_1)
DA:5,2
DA:6,2
DA:7,2
DA:8,10
DA:10,2
DA:11,2
DA:12,6
DA:13,18
DA:14,18
DA:15,8
DA:21,2
DA:22,6
DA:23,6
DA:26,2
DA:27,5
DA:28,5
DA:30,2
LF:17
LH:17
BRDA:14,0,0,8
BRDA:14,0,1,10
BRDA:14,1,0,18
BRDA:14,1,1,18
BRDA:14,1,2,16
BRDA:14,2,0,18
BRDA:14,2,1,6
BRF:7
BRH:7
end_of_record
TN:
SF:client/showGrid.js
FN:4,showGrid
FN:7,(anonymous_1)
FN:8,(anonymous_2)
FNF:3
FNH:3
FNDA:3,showGrid
FNDA:9,(anonymous_1)
FNDA:27,(anonymous_2)
DA:5,3
DA:6,3
DA:7,3
DA:8,9
DA:9,27
DA:10,27
DA:11,9
DA:12,2
DA:14,7
DA:15,1
DA:19,18
DA:20,2
DA:22,16
DA:23,16
LF:14
LH:14
BRDA:10,0,0,9
BRDA:10,0,1,18
BRDA:11,1,0,2
BRDA:11,1,1,7
BRDA:14,2,0,1
BRDA:14,2,1,6
BRDA:19,3,0,2
BRDA:19,3,1,16
BRDA:22,4,0,16
BRDA:22,4,1,0
BRF:10
BRH:9
end_of_record
TN:
SF:client/startGame.js
FN:7,startGame
FNF:1
FNH:1
FNDA:8,startGame
DA:8,8
DA:9,8
DA:10,8
DA:11,8
DA:12,8
DA:13,8
DA:15,1
DA:16,1
DA:18,7
DA:19,7
DA:20,7
DA:21,7
DA:22,7
DA:23,7
DA:24,7
DA:25,7
DA:26,7
DA:27,7
DA:28,7
DA:29,7
LF:20
LH:20
BRDA:13,0,0,1
BRDA:13,0,1,7
BRDA:13,1,0,8
BRDA:13,1,1,7
BRF:4
BRH:4
end_of_record
TN:
SF:client/triggerLosingAnimation.js
FN:2,triggerLosingAnimation
FN:9,(anonymous_1)
FN:15,(anonymous_2)
FN:19,(anonymous_3)
FNF:4
FNH:4
FNDA:3,triggerLosingAnimation
FNDA:6,(anonymous_1)
FNDA:1,(anonymous_2)
FNDA:1,(anonymous_3)
DA:3,3
DA:4,3
DA:5,3
DA:6,3
DA:7,3
DA:8,3
DA:9,3
DA:10,6
DA:11,3
DA:14,3
DA:15,3
DA:16,1
DA:17,1
DA:19,3
LF:14
LH:14
BRDA:10,0,0,3
BRDA:10,0,1,3
BRF:2
BRH:2
end_of_record
TN:
SF:client/triggerWinningAnimation.js
FN:3,triggerWinningAnimation
FN:9,(anonymous_1)
FN:14,(anonymous_2)
FN:18,(anonymous_3)
FNF:4
FNH:4
FNDA:2,triggerWinningAnimation
FNDA:4,(anonymous_1)
FNDA:1,(anonymous_2)
FNDA:1,(anonymous_3)
DA:4,2
DA:5,2
DA:6,2
DA:7,2
DA:8,2
DA:9,2
DA:10,4
DA:11,2
DA:14,2
DA:15,1
DA:16,1
DA:18,2
LF:12
LH:12
BRDA:10,0,0,2
BRDA:10,0,1,2
BRF:2
BRH:2
end_of_record
TN:
SF:client/updateLeaderboard.js
FN:3,updateLeaderboard
FN:5,(anonymous_1)
FN:6,(anonymous_2)
FN:15,(anonymous_3)
FNF:4
FNH:4
FNDA:2,updateLeaderboard
FNDA:2,(anonymous_1)
FNDA:2,(anonymous_2)
FNDA:2,(anonymous_3)
DA:4,2
DA:5,2
DA:7,2
DA:8,2
DA:9,2
DA:10,1
DA:11,1
DA:12,1
DA:15,1
DA:16,2
DA:23,2
LF:11
LH:11
BRDA:9,0,0,1
BRDA:9,0,1,1
BRF:2
BRH:2
end_of_record
