TN:
SF:additionalFunctionality.js
FN:13,(anonymous_0)
FN:17,(anonymous_1)
FN:20,(anonymous_2)
FNF:3
FNH:1
FNDA:0,(anonymous_0)
FNDA:0,(anonymous_1)
FNDA:4,(anonymous_2)
DA:8,1
DA:9,1
DA:10,1
DA:11,1
DA:12,1
DA:13,1
DA:14,0
DA:15,0
DA:17,1
DA:18,0
DA:20,1
DA:21,4
DA:22,1
DA:23,3
DA:24,1
DA:25,2
DA:26,1
DA:27,1
DA:28,1
LF:19
LH:16
BRDA:21,0,0,1
BRDA:21,0,1,3
BRDA:23,1,0,1
BRDA:23,1,1,2
BRDA:25,2,0,1
BRDA:25,2,1,1
BRDA:27,3,0,1
BRDA:27,3,1,0
BRF:8
BRH:7
end_of_record
TN:
SF:calculateNewPosition.js
FN:1,calculateNewPosition
FNF:1
FNH:1
FNDA:4,calculateNewPosition
DA:2,4
DA:3,1
DA:5,3
DA:6,1
DA:8,2
DA:9,1
DA:11,1
DA:12,1
DA:14,4
LF:9
LH:9
BRDA:2,0,0,1
BRDA:2,0,1,3
BRDA:2,1,0,4
BRDA:2,1,1,1
BRDA:5,2,0,1
BRDA:5,2,1,2
BRDA:5,3,0,3
BRDA:5,3,1,1
BRDA:8,4,0,1
BRDA:8,4,1,1
BRDA:8,5,0,2
BRDA:8,5,1,1
BRDA:11,6,0,1
BRDA:11,6,1,0
BRDA:11,7,0,1
BRDA:11,7,1,1
BRF:16
BRH:15
end_of_record
TN:
SF:checkLoss.js
FN:5,checkLoss
FNF:1
FNH:1
FNDA:2,checkLoss
DA:6,2
DA:8,1
DA:9,1
DA:10,1
DA:11,1
DA:12,1
DA:13,1
DA:14,1
DA:15,1
DA:16,1
DA:17,1
DA:19,1
LF:12
LH:12
BRDA:6,0,0,1
BRDA:6,0,1,1
BRF:2
BRH:2
end_of_record
TN:
SF:checkWin.js
FN:5,checkWin
FNF:1
FNH:1
FNDA:2,checkWin
DA:6,2
DA:7,2
DA:9,1
DA:10,1
DA:11,1
DA:12,1
DA:13,1
DA:14,1
DA:15,1
DA:16,1
DA:17,1
DA:19,1
LF:12
LH:12
BRDA:7,0,0,1
BRDA:7,0,1,1
BRDA:7,1,0,2
BRDA:7,1,1,1
BRF:4
BRH:4
end_of_record
TN:
SF:chooseGridSize.js
FN:2,chooseGridSize
FNF:1
FNH:1
FNDA:3,chooseGridSize
DA:3,3
DA:4,3
DA:5,3
DA:6,2
DA:7,2
DA:8,2
DA:9,2
DA:10,2
DA:11,2
LF:9
LH:9
BRDA:5,0,0,2
BRDA:5,0,1,1
BRF:2
BRH:2
end_of_record
TN:
SF:chooseNumberOfMine.js
FN:2,chooseNumberOfMine
FNF:1
FNH:1
FNDA:2,chooseNumberOfMine
DA:3,2
DA:4,2
DA:5,2
DA:6,2
DA:7,2
DA:8,18
DA:9,18
DA:10,18
DA:11,18
DA:13,2
DA:14,2
DA:15,2
DA:16,2
DA:17,2
LF:14
LH:14
BRF:0
BRH:0
end_of_record
TN:
SF:createGrid.js
FN:5,createGrid
FN:10,(anonymous_1)
FN:14,(anonymous_2)
FN:15,(anonymous_3)
FN:20,(anonymous_4)
FNF:5
FNH:5
FNDA:4,createGrid
FNDA:12,(anonymous_1)
FNDA:12,(anonymous_2)
FNDA:36,(anonymous_3)
FNDA:1,(anonymous_4)
DA:6,4
DA:7,4
DA:8,4
DA:9,4
DA:10,12
DA:11,4
DA:12,4
DA:13,4
DA:14,4
DA:15,12
DA:16,36
DA:17,36
DA:18,36
DA:19,36
DA:20,36
DA:21,36
DA:24,4
LF:17
LH:17
BRF:0
BRH:0
end_of_record
TN:
SF:gameState.js
FN:5,resetGameState
FN:11,setPlayerPos
FN:19,getPlayerPos
FN:23,setGameOver
FN:27,isGameOver
FN:31,setGrid
FN:35,getGrid
FNF:7
FNH:7
FNDA:6,resetGameState
FNDA:2,setPlayerPos
FNDA:3,getPlayerPos
FNDA:4,setGameOver
FNDA:4,isGameOver
FNDA:3,setGrid
FNDA:3,getGrid
DA:1,11
DA:2,11
DA:3,11
DA:6,6
DA:7,6
DA:8,6
DA:12,2
DA:13,2
DA:14,2
DA:15,2
DA:16,2
DA:20,3
DA:24,4
DA:28,4
DA:32,3
DA:36,3
LF:16
LH:16
BRF:0
BRH:0
end_of_record
TN:
SF:generateDirection.js
FN:1,generateDirection
FNF:1
FNH:1
FNDA:8,generateDirection
DA:2,8
DA:3,5
DA:4,5
LF:3
LH:3
BRDA:2,0,0,3
BRDA:2,0,1,5
BRDA:3,1,0,0
BRDA:3,1,1,5
BRF:4
BRH:3
end_of_record
TN:
SF:generateGrid.js
FN:2,generateGrid
FNF:1
FNH:1
FNDA:4,generateGrid
DA:3,4
DA:4,4
DA:5,4
DA:6,4
DA:7,4
DA:8,4
DA:9,36
DA:10,36
DA:11,36
LF:9
LH:9
BRF:0
BRH:0
end_of_record
TN:
SF:generateRandomPath.js
FN:3,generateRandomPath
FNF:1
FNH:1
FNDA:2,generateRandomPath
DA:4,2
DA:5,2
DA:6,2
DA:7,2
DA:8,8
DA:9,4
DA:12,4
DA:14,8
DA:16,2
LF:9
LH:9
BRDA:7,0,0,10
BRDA:7,0,1,5
BRDA:8,1,0,4
BRDA:8,1,1,4
BRF:4
BRH:4
end_of_record
TN:
SF:handleCellClick.js
FN:5,handleCellClick
FNF:1
FNH:1
FNDA:6,handleCellClick
DA:6,6
DA:7,6
DA:8,5
DA:9,5
DA:10,5
DA:11,5
DA:12,4
DA:13,1
DA:15,3
DA:16,1
DA:18,2
DA:19,1
DA:21,1
DA:22,1
LF:14
LH:14
BRDA:7,0,0,1
BRDA:7,0,1,5
BRDA:11,1,0,4
BRDA:11,1,1,1
BRDA:12,2,0,1
BRDA:12,2,1,3
BRDA:15,3,0,1
BRDA:15,3,1,2
BRDA:18,4,0,1
BRDA:18,4,1,1
BRDA:21,5,0,1
BRDA:21,5,1,0
BRF:12
BRH:11
end_of_record
TN:
SF:movePlayer.js
FN:8,movePlayer
FNF:1
FNH:1
FNDA:5,movePlayer
DA:9,5
DA:10,5
DA:11,5
DA:12,5
DA:13,5
DA:14,4
DA:15,4
DA:16,4
DA:17,4
DA:18,0
DA:20,4
DA:21,0
DA:22,0
DA:24,4
DA:25,4
DA:26,4
LF:16
LH:13
BRDA:13,0,0,1
BRDA:13,0,1,4
BRDA:17,1,0,0
BRDA:17,1,1,4
BRDA:20,2,0,0
BRDA:20,2,1,4
BRF:6
BRH:4
end_of_record
TN:
SF:randomMinePlacement.js
FN:4,placeMines
FN:8,(anonymous_1)
FNF:2
FNH:2
FNDA:2,placeMines
FNDA:10,(anonymous_1)
DA:5,2
DA:6,2
DA:7,2
DA:8,10
DA:10,2
DA:11,2
DA:12,6
DA:13,18
DA:14,18
DA:15,8
DA:21,2
DA:22,6
DA:23,6
DA:26,2
DA:27,5
DA:28,5
DA:30,2
LF:17
LH:17
BRDA:14,0,0,8
BRDA:14,0,1,10
BRDA:14,1,0,18
BRDA:14,1,1,18
BRDA:14,1,2,16
BRDA:14,2,0,18
BRDA:14,2,1,6
BRF:7
BRH:7
end_of_record
TN:
SF:showGrid.js
FN:4,showGrid
FN:7,(anonymous_1)
FN:8,(anonymous_2)
FNF:3
FNH:3
FNDA:3,showGrid
FNDA:9,(anonymous_1)
FNDA:27,(anonymous_2)
DA:5,3
DA:6,3
DA:7,3
DA:8,9
DA:9,27
DA:10,27
DA:11,9
DA:12,2
DA:14,7
DA:15,1
DA:19,18
DA:20,2
DA:22,16
DA:23,16
LF:14
LH:14
BRDA:10,0,0,9
BRDA:10,0,1,18
BRDA:11,1,0,2
BRDA:11,1,1,7
BRDA:14,2,0,1
BRDA:14,2,1,6
BRDA:19,3,0,2
BRDA:19,3,1,16
BRDA:22,4,0,16
BRDA:22,4,1,0
BRF:10
BRH:9
end_of_record
TN:
SF:startGame.js
FN:6,startGame
FNF:1
FNH:1
FNDA:7,startGame
DA:7,7
DA:8,7
DA:9,7
DA:11,1
DA:12,1
DA:14,6
DA:15,6
DA:16,6
DA:17,6
DA:18,6
DA:19,6
DA:20,6
DA:21,6
DA:22,6
DA:23,6
DA:24,6
LF:16
LH:16
BRDA:9,0,0,1
BRDA:9,0,1,6
BRDA:9,1,0,7
BRDA:9,1,1,6
BRF:4
BRH:4
end_of_record
TN:
SF:triggerLosingAnimation.js
FN:2,triggerLosingAnimation
FN:7,(anonymous_1)
FN:13,(anonymous_2)
FN:17,(anonymous_3)
FNF:4
FNH:4
FNDA:1,triggerLosingAnimation
FNDA:2,(anonymous_1)
FNDA:1,(anonymous_2)
FNDA:1,(anonymous_3)
DA:3,1
DA:4,1
DA:5,1
DA:6,1
DA:7,1
DA:8,2
DA:9,1
DA:12,1
DA:13,1
DA:14,1
DA:15,1
DA:17,1
LF:12
LH:12
BRDA:8,0,0,1
BRDA:8,0,1,1
BRF:2
BRH:2
end_of_record
TN:
SF:triggerWinningAnimation.js
FN:2,triggerWinningAnimation
FN:7,(anonymous_1)
FN:12,(anonymous_2)
FN:16,(anonymous_3)
FNF:4
FNH:4
FNDA:1,triggerWinningAnimation
FNDA:2,(anonymous_1)
FNDA:1,(anonymous_2)
FNDA:1,(anonymous_3)
DA:3,1
DA:4,1
DA:5,1
DA:6,1
DA:7,1
DA:8,2
DA:9,1
DA:12,1
DA:13,1
DA:14,1
DA:16,1
LF:11
LH:11
BRDA:8,0,0,1
BRDA:8,0,1,1
BRF:2
BRH:2
end_of_record
